2013-02-08 13:14:17 Error: [NotFoundException] Promotor inválido
#0 [internal function]: PromotorController->delete('0')
#1 C:\wamp\www\promotech\lib\Cake\Controller\Controller.php(485): ReflectionMethod->invokeArgs(Object(PromotorController), Array)
#2 C:\wamp\www\promotech\lib\Cake\Routing\Dispatcher.php(186): Controller->invokeAction(Object(CakeRequest))
#3 C:\wamp\www\promotech\lib\Cake\Routing\Dispatcher.php(161): Dispatcher->_invoke(Object(PromotorController), Object(CakeRequest), Object(CakeResponse))
#4 C:\wamp\www\promotech\app\webroot\index.php(92): Dispatcher->dispatch(Object(CakeRequest), Object(CakeResponse))
#5 {main}
2013-02-08 13:15:02 Error: [NotFoundException] Promotor inválido
#0 [internal function]: PromotorController->delete('0')
#1 C:\wamp\www\promotech\lib\Cake\Controller\Controller.php(485): ReflectionMethod->invokeArgs(Object(PromotorController), Array)
#2 C:\wamp\www\promotech\lib\Cake\Routing\Dispatcher.php(186): Controller->invokeAction(Object(CakeRequest))
#3 C:\wamp\www\promotech\lib\Cake\Routing\Dispatcher.php(161): Dispatcher->_invoke(Object(PromotorController), Object(CakeRequest), Object(CakeResponse))
#4 C:\wamp\www\promotech\app\webroot\index.php(92): Dispatcher->dispatch(Object(CakeRequest), Object(CakeResponse))
#5 {main}
2013-02-08 13:15:20 Error: [NotFoundException] Promotor inválido
#0 [internal function]: PromotorController->view('0')
#1 C:\wamp\www\promotech\lib\Cake\Controller\Controller.php(485): ReflectionMethod->invokeArgs(Object(PromotorController), Array)
#2 C:\wamp\www\promotech\lib\Cake\Routing\Dispatcher.php(186): Controller->invokeAction(Object(CakeRequest))
#3 C:\wamp\www\promotech\lib\Cake\Routing\Dispatcher.php(161): Dispatcher->_invoke(Object(PromotorController), Object(CakeRequest), Object(CakeResponse))
#4 C:\wamp\www\promotech\app\webroot\index.php(92): Dispatcher->dispatch(Object(CakeRequest), Object(CakeResponse))
#5 {main}
2013-02-08 13:16:22 Error: [PDOException] SQLSTATE[23000]: Integrity constraint violation: 1062 Duplicate entry '0' for key 'PRIMARY'
#0 C:\wamp\www\promotech\lib\Cake\Model\Datasource\DboSource.php(459): PDOStatement->execute(Array)
#1 C:\wamp\www\promotech\lib\Cake\Model\Datasource\DboSource.php(425): DboSource->_execute('INSERT INTO `pr...', Array)
#2 C:\wamp\www\promotech\lib\Cake\Model\Datasource\DboSource.php(1007): DboSource->execute('INSERT INTO `pr...')
#3 C:\wamp\www\promotech\lib\Cake\Model\Model.php(1730): DboSource->create(Object(Promotor), Array, Array)
#4 C:\wamp\www\promotech\app\Controller\PromotorController.php(51): Model->save(Array)
#5 [internal function]: PromotorController->add()
#6 C:\wamp\www\promotech\lib\Cake\Controller\Controller.php(485): ReflectionMethod->invokeArgs(Object(PromotorController), Array)
#7 C:\wamp\www\promotech\lib\Cake\Routing\Dispatcher.php(186): Controller->invokeAction(Object(CakeRequest))
#8 C:\wamp\www\promotech\lib\Cake\Routing\Dispatcher.php(161): Dispatcher->_invoke(Object(PromotorController), Object(CakeRequest), Object(CakeResponse))
#9 C:\wamp\www\promotech\app\webroot\index.php(92): Dispatcher->dispatch(Object(CakeRequest), Object(CakeResponse))
#10 {main}
2013-02-08 13:21:14 Error: [PDOException] SQLSTATE[23000]: Integrity constraint violation: 1062 Duplicate entry '' for key 'rg_UNIQUE'
#0 C:\wamp\www\promotech\lib\Cake\Model\Datasource\DboSource.php(459): PDOStatement->execute(Array)
#1 C:\wamp\www\promotech\lib\Cake\Model\Datasource\DboSource.php(425): DboSource->_execute('INSERT INTO `pr...', Array)
#2 C:\wamp\www\promotech\lib\Cake\Model\Datasource\DboSource.php(1007): DboSource->execute('INSERT INTO `pr...')
#3 C:\wamp\www\promotech\lib\Cake\Model\Model.php(1730): DboSource->create(Object(Promotor), Array, Array)
#4 C:\wamp\www\promotech\app\Controller\PromotorController.php(51): Model->save(Array)
#5 [internal function]: PromotorController->add()
#6 C:\wamp\www\promotech\lib\Cake\Controller\Controller.php(485): ReflectionMethod->invokeArgs(Object(PromotorController), Array)
#7 C:\wamp\www\promotech\lib\Cake\Routing\Dispatcher.php(186): Controller->invokeAction(Object(CakeRequest))
#8 C:\wamp\www\promotech\lib\Cake\Routing\Dispatcher.php(161): Dispatcher->_invoke(Object(PromotorController), Object(CakeRequest), Object(CakeResponse))
#9 C:\wamp\www\promotech\app\webroot\index.php(92): Dispatcher->dispatch(Object(CakeRequest), Object(CakeResponse))
#10 {main}
2013-02-12 22:40:00 Error: [MissingControllerException] Controller class CampanhaPromotorsController could not be found.
#0 C:\wamp\www\promotech\app\webroot\index.php(92): Dispatcher->dispatch(Object(CakeRequest), Object(CakeResponse))
#1 {main}
2013-02-12 22:40:56 Error: [MissingControllerException] Controller class CampanhaPromotorsController could not be found.
#0 C:\wamp\www\promotech\app\webroot\index.php(92): Dispatcher->dispatch(Object(CakeRequest), Object(CakeResponse))
#1 {main}
2013-02-12 23:26:53 Error: [MissingControllerException] Controller class PromtorController could not be found.
#0 C:\wamp\www\promotech\app\webroot\index.php(92): Dispatcher->dispatch(Object(CakeRequest), Object(CakeResponse))
#1 {main}
2013-02-12 23:44:38 Error: [PDOException] SQLSTATE[23000]: Integrity constraint violation: 1452 Cannot add or update a child row: a foreign key constraint fails (`promotech`.`campanha`, CONSTRAINT `fk_campanha_cliente1` FOREIGN KEY (`cliente_id`) REFERENCES `cliente` (`id`) ON DELETE NO ACTION ON UPDATE NO ACTION)
#0 C:\wamp\www\promotech\lib\Cake\Model\Datasource\DboSource.php(459): PDOStatement->execute(Array)
#1 C:\wamp\www\promotech\lib\Cake\Model\Datasource\DboSource.php(425): DboSource->_execute('INSERT INTO `pr...', Array)
#2 C:\wamp\www\promotech\lib\Cake\Model\Datasource\DboSource.php(1007): DboSource->execute('INSERT INTO `pr...')
#3 C:\wamp\www\promotech\lib\Cake\Model\Model.php(1730): DboSource->create(Object(Campanha), Array, Array)
#4 C:\wamp\www\promotech\app\Controller\CampanhaController.php(55): Model->save(Array)
#5 [internal function]: CampanhaController->add()
#6 C:\wamp\www\promotech\lib\Cake\Controller\Controller.php(485): ReflectionMethod->invokeArgs(Object(CampanhaController), Array)
#7 C:\wamp\www\promotech\lib\Cake\Routing\Dispatcher.php(186): Controller->invokeAction(Object(CakeRequest))
#8 C:\wamp\www\promotech\lib\Cake\Routing\Dispatcher.php(161): Dispatcher->_invoke(Object(CampanhaController), Object(CakeRequest), Object(CakeResponse))
#9 C:\wamp\www\promotech\app\webroot\index.php(92): Dispatcher->dispatch(Object(CakeRequest), Object(CakeResponse))
#10 {main}
2013-02-12 23:47:03 Error: [PDOException] SQLSTATE[23000]: Integrity constraint violation: 1452 Cannot add or update a child row: a foreign key constraint fails (`promotech`.`campanha`, CONSTRAINT `fk_campanha_cliente1` FOREIGN KEY (`cliente_id`) REFERENCES `cliente` (`id`) ON DELETE NO ACTION ON UPDATE NO ACTION)
#0 C:\wamp\www\promotech\lib\Cake\Model\Datasource\DboSource.php(459): PDOStatement->execute(Array)
#1 C:\wamp\www\promotech\lib\Cake\Model\Datasource\DboSource.php(425): DboSource->_execute('INSERT INTO `pr...', Array)
#2 C:\wamp\www\promotech\lib\Cake\Model\Datasource\DboSource.php(1007): DboSource->execute('INSERT INTO `pr...')
#3 C:\wamp\www\promotech\lib\Cake\Model\Model.php(1730): DboSource->create(Object(Campanha), Array, Array)
#4 C:\wamp\www\promotech\app\Controller\CampanhaController.php(55): Model->save(Array)
#5 [internal function]: CampanhaController->add()
#6 C:\wamp\www\promotech\lib\Cake\Controller\Controller.php(485): ReflectionMethod->invokeArgs(Object(CampanhaController), Array)
#7 C:\wamp\www\promotech\lib\Cake\Routing\Dispatcher.php(186): Controller->invokeAction(Object(CakeRequest))
#8 C:\wamp\www\promotech\lib\Cake\Routing\Dispatcher.php(161): Dispatcher->_invoke(Object(CampanhaController), Object(CakeRequest), Object(CakeResponse))
#9 C:\wamp\www\promotech\app\webroot\index.php(92): Dispatcher->dispatch(Object(CakeRequest), Object(CakeResponse))
#10 {main}
2013-02-12 23:51:41 Error: [PDOException] SQLSTATE[23000]: Integrity constraint violation: 1452 Cannot add or update a child row: a foreign key constraint fails (`promotech`.`campanha_promotor`, CONSTRAINT `fk_campanha_has_promotor_promotor1` FOREIGN KEY (`promotor_id`) REFERENCES `promotor` (`id`) ON DELETE NO ACTION ON UPDATE NO ACTION)
#0 C:\wamp\www\promotech\lib\Cake\Model\Datasource\DboSource.php(459): PDOStatement->execute(Array)
#1 C:\wamp\www\promotech\lib\Cake\Model\Datasource\DboSource.php(425): DboSource->_execute('INSERT INTO `pr...', Array)
#2 C:\wamp\www\promotech\lib\Cake\Model\Datasource\DboSource.php(1007): DboSource->execute('INSERT INTO `pr...')
#3 C:\wamp\www\promotech\lib\Cake\Model\Model.php(1730): DboSource->create(Object(CampanhaPromotor), Array, Array)
#4 C:\wamp\www\promotech\app\Controller\CampanhaController.php(57): Model->save(Array)
#5 [internal function]: CampanhaController->add()
#6 C:\wamp\www\promotech\lib\Cake\Controller\Controller.php(485): ReflectionMethod->invokeArgs(Object(CampanhaController), Array)
#7 C:\wamp\www\promotech\lib\Cake\Routing\Dispatcher.php(186): Controller->invokeAction(Object(CakeRequest))
#8 C:\wamp\www\promotech\lib\Cake\Routing\Dispatcher.php(161): Dispatcher->_invoke(Object(CampanhaController), Object(CakeRequest), Object(CakeResponse))
#9 C:\wamp\www\promotech\app\webroot\index.php(92): Dispatcher->dispatch(Object(CakeRequest), Object(CakeResponse))
#10 {main}
2013-02-12 23:56:41 Error: [PDOException] SQLSTATE[23000]: Integrity constraint violation: 1452 Cannot add or update a child row: a foreign key constraint fails (`promotech`.`campanha_promotor`, CONSTRAINT `fk_campanha_has_promotor_promotor1` FOREIGN KEY (`promotor_id`) REFERENCES `promotor` (`id`) ON DELETE NO ACTION ON UPDATE NO ACTION)
#0 C:\wamp\www\promotech\lib\Cake\Model\Datasource\DboSource.php(459): PDOStatement->execute(Array)
#1 C:\wamp\www\promotech\lib\Cake\Model\Datasource\DboSource.php(425): DboSource->_execute('INSERT INTO `pr...', Array)
#2 C:\wamp\www\promotech\lib\Cake\Model\Datasource\DboSource.php(1007): DboSource->execute('INSERT INTO `pr...')
#3 C:\wamp\www\promotech\lib\Cake\Model\Model.php(1730): DboSource->create(Object(CampanhaPromotor), Array, Array)
#4 C:\wamp\www\promotech\lib\Cake\Model\Model.php(2225): Model->save(Array, Array)
#5 C:\wamp\www\promotech\lib\Cake\Model\Model.php(2031): Model->saveAssociated(Array, Array)
#6 C:\wamp\www\promotech\app\Controller\CampanhaController.php(61): Model->saveAll(Array)
#7 [internal function]: CampanhaController->add()
#8 C:\wamp\www\promotech\lib\Cake\Controller\Controller.php(485): ReflectionMethod->invokeArgs(Object(CampanhaController), Array)
#9 C:\wamp\www\promotech\lib\Cake\Routing\Dispatcher.php(186): Controller->invokeAction(Object(CakeRequest))
#10 C:\wamp\www\promotech\lib\Cake\Routing\Dispatcher.php(161): Dispatcher->_invoke(Object(CampanhaController), Object(CakeRequest), Object(CakeResponse))
#11 C:\wamp\www\promotech\app\webroot\index.php(92): Dispatcher->dispatch(Object(CakeRequest), Object(CakeResponse))
#12 {main}
2013-02-13 14:24:34 Error: [PDOException] SQLSTATE[23000]: Integrity constraint violation: 1452 Cannot add or update a child row: a foreign key constraint fails (`promotech`.`campanha_promotor`, CONSTRAINT `fk_campanha_has_promotor_promotor1` FOREIGN KEY (`promotor_id`) REFERENCES `promotor` (`id`) ON DELETE NO ACTION ON UPDATE NO ACTION)
#0 C:\wamp\www\promotech\lib\Cake\Model\Datasource\DboSource.php(459): PDOStatement->execute(Array)
#1 C:\wamp\www\promotech\lib\Cake\Model\Datasource\DboSource.php(425): DboSource->_execute('INSERT INTO `pr...', Array)
#2 C:\wamp\www\promotech\lib\Cake\Model\Datasource\DboSource.php(1007): DboSource->execute('INSERT INTO `pr...')
#3 C:\wamp\www\promotech\lib\Cake\Model\Model.php(1730): DboSource->create(Object(CampanhaPromotor), Array, Array)
#4 C:\wamp\www\promotech\lib\Cake\Model\Model.php(2225): Model->save(Array, Array)
#5 C:\wamp\www\promotech\lib\Cake\Model\Model.php(2031): Model->saveAssociated(Array, Array)
#6 C:\wamp\www\promotech\app\Controller\CampanhaController.php(55): Model->saveAll(Array)
#7 [internal function]: CampanhaController->add()
#8 C:\wamp\www\promotech\lib\Cake\Controller\Controller.php(485): ReflectionMethod->invokeArgs(Object(CampanhaController), Array)
#9 C:\wamp\www\promotech\lib\Cake\Routing\Dispatcher.php(186): Controller->invokeAction(Object(CakeRequest))
#10 C:\wamp\www\promotech\lib\Cake\Routing\Dispatcher.php(161): Dispatcher->_invoke(Object(CampanhaController), Object(CakeRequest), Object(CakeResponse))
#11 C:\wamp\www\promotech\app\webroot\index.php(92): Dispatcher->dispatch(Object(CakeRequest), Object(CakeResponse))
#12 {main}
2013-02-13 15:11:11 Error: [PDOException] SQLSTATE[42S22]: Column not found: 1054 Unknown column 'Campanha.id' in 'where clause'
#0 C:\wamp\www\promotech\lib\Cake\Model\Datasource\DboSource.php(459): PDOStatement->execute(Array)
#1 C:\wamp\www\promotech\lib\Cake\Model\Datasource\DboSource.php(425): DboSource->_execute('SELECT `Campanh...', Array)
#2 C:\wamp\www\promotech\lib\Cake\Model\Datasource\DboSource.php(669): DboSource->execute('SELECT `Campanh...', Array, Array)
#3 C:\wamp\www\promotech\lib\Cake\Model\Datasource\DboSource.php(1080): DboSource->fetchAll('SELECT `Campanh...', false)
#4 C:\wamp\www\promotech\lib\Cake\Model\Model.php(2630): DboSource->read(Object(CampanhaPromotor), Array)
#5 C:\wamp\www\promotech\app\Controller\CampanhaController.php(91): Model->find('list', Array)
#6 [internal function]: CampanhaController->edit('17')
#7 C:\wamp\www\promotech\lib\Cake\Controller\Controller.php(485): ReflectionMethod->invokeArgs(Object(CampanhaController), Array)
#8 C:\wamp\www\promotech\lib\Cake\Routing\Dispatcher.php(186): Controller->invokeAction(Object(CakeRequest))
#9 C:\wamp\www\promotech\lib\Cake\Routing\Dispatcher.php(161): Dispatcher->_invoke(Object(CampanhaController), Object(CakeRequest), Object(CakeResponse))
#10 C:\wamp\www\promotech\app\webroot\index.php(92): Dispatcher->dispatch(Object(CakeRequest), Object(CakeResponse))
#11 {main}
2013-02-13 15:12:24 Error: [PDOException] SQLSTATE[42S22]: Column not found: 1054 Unknown column 'Promotor.id' in 'field list'
#0 C:\wamp\www\promotech\lib\Cake\Model\Datasource\DboSource.php(459): PDOStatement->execute(Array)
#1 C:\wamp\www\promotech\lib\Cake\Model\Datasource\DboSource.php(425): DboSource->_execute('SELECT `Campanh...', Array)
#2 C:\wamp\www\promotech\lib\Cake\Model\Datasource\DboSource.php(669): DboSource->execute('SELECT `Campanh...', Array, Array)
#3 C:\wamp\www\promotech\lib\Cake\Model\Datasource\DboSource.php(1080): DboSource->fetchAll('SELECT `Campanh...', false)
#4 C:\wamp\www\promotech\lib\Cake\Model\Model.php(2630): DboSource->read(Object(CampanhaPromotor), Array)
#5 C:\wamp\www\promotech\app\Controller\CampanhaController.php(91): Model->find('list', Array)
#6 [internal function]: CampanhaController->edit('17')
#7 C:\wamp\www\promotech\lib\Cake\Controller\Controller.php(485): ReflectionMethod->invokeArgs(Object(CampanhaController), Array)
#8 C:\wamp\www\promotech\lib\Cake\Routing\Dispatcher.php(186): Controller->invokeAction(Object(CakeRequest))
#9 C:\wamp\www\promotech\lib\Cake\Routing\Dispatcher.php(161): Dispatcher->_invoke(Object(CampanhaController), Object(CakeRequest), Object(CakeResponse))
#10 C:\wamp\www\promotech\app\webroot\index.php(92): Dispatcher->dispatch(Object(CakeRequest), Object(CakeResponse))
#11 {main}
2013-02-13 16:00:42 Error: [PDOException] SQLSTATE[42S22]: Column not found: 1054 Unknown column 'conditions' in 'where clause'
#0 C:\wamp\www\promotech\lib\Cake\Model\Datasource\DboSource.php(459): PDOStatement->execute(Array)
#1 C:\wamp\www\promotech\lib\Cake\Model\Datasource\DboSource.php(425): DboSource->_execute('SELECT `Campanh...', Array)
#2 C:\wamp\www\promotech\lib\Cake\Model\Datasource\DboSource.php(669): DboSource->execute('SELECT `Campanh...', Array, Array)
#3 C:\wamp\www\promotech\lib\Cake\Model\Datasource\DboSource.php(1080): DboSource->fetchAll('SELECT `Campanh...', false)
#4 C:\wamp\www\promotech\lib\Cake\Model\Model.php(2630): DboSource->read(Object(Campanha), Array)
#5 C:\wamp\www\promotech\lib\Cake\Controller\Component\PaginatorComponent.php(173): Model->find('all', Array)
#6 C:\wamp\www\promotech\lib\Cake\Controller\Controller.php(1081): PaginatorComponent->paginate('Campanha', Array, Array)
#7 C:\wamp\www\promotech\app\Controller\CampanhaController.php(25): Controller->paginate('Campanha', Array)
#8 [internal function]: CampanhaController->index()
#9 C:\wamp\www\promotech\lib\Cake\Controller\Controller.php(485): ReflectionMethod->invokeArgs(Object(CampanhaController), Array)
#10 C:\wamp\www\promotech\lib\Cake\Routing\Dispatcher.php(186): Controller->invokeAction(Object(CakeRequest))
#11 C:\wamp\www\promotech\lib\Cake\Routing\Dispatcher.php(161): Dispatcher->_invoke(Object(CampanhaController), Object(CakeRequest), Object(CakeResponse))
#12 C:\wamp\www\promotech\app\webroot\index.php(92): Dispatcher->dispatch(Object(CakeRequest), Object(CakeResponse))
#13 {main}
2013-02-14 12:37:10 Error: [PDOException] SQLSTATE[42S22]: Column not found: 1054 Unknown column 'Campanha.cliente_id' in 'on clause'
#0 C:\wamp\www\promotech\lib\Cake\Model\Datasource\DboSource.php(459): PDOStatement->execute(Array)
#1 C:\wamp\www\promotech\lib\Cake\Model\Datasource\DboSource.php(425): DboSource->_execute('SELECT `Campanh...', Array)
#2 C:\wamp\www\promotech\lib\Cake\Model\Datasource\DboSource.php(669): DboSource->execute('SELECT `Campanh...', Array, Array)
#3 C:\wamp\www\promotech\lib\Cake\Model\Datasource\DboSource.php(1080): DboSource->fetchAll('SELECT `Campanh...', false)
#4 C:\wamp\www\promotech\lib\Cake\Model\Model.php(2630): DboSource->read(Object(Campanha), Array)
#5 C:\wamp\www\promotech\lib\Cake\Controller\Component\PaginatorComponent.php(173): Model->find('all', Array)
#6 C:\wamp\www\promotech\lib\Cake\Controller\Controller.php(1081): PaginatorComponent->paginate('Campanha', Array, Array)
#7 C:\wamp\www\promotech\app\Controller\CampanhaController.php(25): Controller->paginate('Campanha', Array)
#8 [internal function]: CampanhaController->index()
#9 C:\wamp\www\promotech\lib\Cake\Controller\Controller.php(485): ReflectionMethod->invokeArgs(Object(CampanhaController), Array)
#10 C:\wamp\www\promotech\lib\Cake\Routing\Dispatcher.php(186): Controller->invokeAction(Object(CakeRequest))
#11 C:\wamp\www\promotech\lib\Cake\Routing\Dispatcher.php(161): Dispatcher->_invoke(Object(CampanhaController), Object(CakeRequest), Object(CakeResponse))
#12 C:\wamp\www\promotech\app\webroot\index.php(92): Dispatcher->dispatch(Object(CakeRequest), Object(CakeResponse))
#13 {main}
2013-02-14 12:44:33 Error: Fatal Error (1): Call to a member function find() on a non-object in [C:\wamp\www\promotech\app\Controller\CampanhaController.php, line 54]
2013-02-14 12:44:33 Error: [FatalErrorException] Call to a member function find() on a non-object
#0 C:\wamp\www\promotech\lib\Cake\Error\ErrorHandler.php(161): ErrorHandler::handleFatalError(1, 'Call to a membe...', 'C:\wamp\www\pro...', 54)
#1 [internal function]: ErrorHandler::handleError(1, 'Call to a membe...', 'C:\wamp\www\pro...', 54, Array)
#2 C:\wamp\www\promotech\lib\Cake\Core\App.php(926): call_user_func('ErrorHandler::h...', 1, 'Call to a membe...', 'C:\wamp\www\pro...', 54, Array)
#3 C:\wamp\www\promotech\lib\Cake\Core\App.php(899): App::_checkFatalError()
#4 [internal function]: App::shutdown()
#5 {main}
2013-02-14 12:49:33 Error: [PDOException] SQLSTATE[23000]: Integrity constraint violation: 1062 Duplicate entry '' for key 'cpf_UNIQUE'
#0 C:\wamp\www\promotech\lib\Cake\Model\Datasource\DboSource.php(459): PDOStatement->execute(Array)
#1 C:\wamp\www\promotech\lib\Cake\Model\Datasource\DboSource.php(425): DboSource->_execute('INSERT INTO `pr...', Array)
#2 C:\wamp\www\promotech\lib\Cake\Model\Datasource\DboSource.php(1007): DboSource->execute('INSERT INTO `pr...')
#3 C:\wamp\www\promotech\lib\Cake\Model\Model.php(1730): DboSource->create(Object(Cliente), Array, Array)
#4 C:\wamp\www\promotech\app\Controller\ClienteController.php(51): Model->save(Array)
#5 [internal function]: ClienteController->add()
#6 C:\wamp\www\promotech\lib\Cake\Controller\Controller.php(485): ReflectionMethod->invokeArgs(Object(ClienteController), Array)
#7 C:\wamp\www\promotech\lib\Cake\Routing\Dispatcher.php(186): Controller->invokeAction(Object(CakeRequest))
#8 C:\wamp\www\promotech\lib\Cake\Routing\Dispatcher.php(161): Dispatcher->_invoke(Object(ClienteController), Object(CakeRequest), Object(CakeResponse))
#9 C:\wamp\www\promotech\app\webroot\index.php(92): Dispatcher->dispatch(Object(CakeRequest), Object(CakeResponse))
#10 {main}
2013-02-16 22:53:49 Error: [MissingTableException] Table campanha_coordenadors for model CampanhaCoordenador was not found in datasource default.
#0 C:\wamp\www\promotech\lib\Cake\Model\Model.php(3179): Model->setSource('campanha_coorde...')
#1 C:\wamp\www\promotech\lib\Cake\Model\Datasource\DboSource.php(1066): Model->getDataSource()
#2 C:\wamp\www\promotech\lib\Cake\Model\Model.php(2630): DboSource->read(Object(Coordenador), Array)
#3 C:\wamp\www\promotech\lib\Cake\Model\Model.php(1516): Model->find('first', Array)
#4 C:\wamp\www\promotech\app\Controller\CoordenadorController.php(40): Model->read(NULL, '1')
#5 [internal function]: CoordenadorController->view('1')
#6 C:\wamp\www\promotech\lib\Cake\Controller\Controller.php(485): ReflectionMethod->invokeArgs(Object(CoordenadorController), Array)
#7 C:\wamp\www\promotech\lib\Cake\Routing\Dispatcher.php(186): Controller->invokeAction(Object(CakeRequest))
#8 C:\wamp\www\promotech\lib\Cake\Routing\Dispatcher.php(161): Dispatcher->_invoke(Object(CoordenadorController), Object(CakeRequest), Object(CakeResponse))
#9 C:\wamp\www\promotech\app\webroot\index.php(92): Dispatcher->dispatch(Object(CakeRequest), Object(CakeResponse))
#10 {main}
2013-02-16 22:54:12 Error: [MissingTableException] Table campanha_coordenadors for model CampanhaCoordenador was not found in datasource default.
#0 C:\wamp\www\promotech\lib\Cake\Model\Model.php(3179): Model->setSource('campanha_coorde...')
#1 C:\wamp\www\promotech\lib\Cake\Model\Datasource\DboSource.php(1066): Model->getDataSource()
#2 C:\wamp\www\promotech\lib\Cake\Model\Model.php(2630): DboSource->read(Object(Coordenador), Array)
#3 C:\wamp\www\promotech\lib\Cake\Model\Model.php(1516): Model->find('first', Array)
#4 C:\wamp\www\promotech\app\Controller\CoordenadorController.php(40): Model->read(NULL, '1')
#5 [internal function]: CoordenadorController->view('1')
#6 C:\wamp\www\promotech\lib\Cake\Controller\Controller.php(485): ReflectionMethod->invokeArgs(Object(CoordenadorController), Array)
#7 C:\wamp\www\promotech\lib\Cake\Routing\Dispatcher.php(186): Controller->invokeAction(Object(CakeRequest))
#8 C:\wamp\www\promotech\lib\Cake\Routing\Dispatcher.php(161): Dispatcher->_invoke(Object(CoordenadorController), Object(CakeRequest), Object(CakeResponse))
#9 C:\wamp\www\promotech\app\webroot\index.php(92): Dispatcher->dispatch(Object(CakeRequest), Object(CakeResponse))
#10 {main}
2013-02-16 22:54:51 Error: [MissingTableException] Table campanha_coordenadors for model CampanhaCoordenador was not found in datasource default.
#0 C:\wamp\www\promotech\lib\Cake\Model\Model.php(3179): Model->setSource('campanha_coorde...')
#1 C:\wamp\www\promotech\lib\Cake\Model\Datasource\DboSource.php(1066): Model->getDataSource()
#2 C:\wamp\www\promotech\lib\Cake\Model\Model.php(2630): DboSource->read(Object(Coordenador), Array)
#3 C:\wamp\www\promotech\lib\Cake\Model\Model.php(1516): Model->find('first', Array)
#4 C:\wamp\www\promotech\app\Controller\CoordenadorController.php(40): Model->read(NULL, '1')
#5 [internal function]: CoordenadorController->view('1')
#6 C:\wamp\www\promotech\lib\Cake\Controller\Controller.php(485): ReflectionMethod->invokeArgs(Object(CoordenadorController), Array)
#7 C:\wamp\www\promotech\lib\Cake\Routing\Dispatcher.php(186): Controller->invokeAction(Object(CakeRequest))
#8 C:\wamp\www\promotech\lib\Cake\Routing\Dispatcher.php(161): Dispatcher->_invoke(Object(CoordenadorController), Object(CakeRequest), Object(CakeResponse))
#9 C:\wamp\www\promotech\app\webroot\index.php(92): Dispatcher->dispatch(Object(CakeRequest), Object(CakeResponse))
#10 {main}
2013-02-16 23:10:04 Error: [PDOException] SQLSTATE[23000]: Integrity constraint violation: 1452 Cannot add or update a child row: a foreign key constraint fails (`promotech`.`campanha_coordenador`, CONSTRAINT `fk_campanha_has_coordenador_coordenador1` FOREIGN KEY (`coordenador_id`) REFERENCES `coordenador` (`id`) ON DELETE NO ACTION ON UPDATE NO ACTION)
#0 C:\wamp\www\promotech\lib\Cake\Model\Datasource\DboSource.php(459): PDOStatement->execute(Array)
#1 C:\wamp\www\promotech\lib\Cake\Model\Datasource\DboSource.php(425): DboSource->_execute('INSERT INTO `pr...', Array)
#2 C:\wamp\www\promotech\lib\Cake\Model\Datasource\DboSource.php(1007): DboSource->execute('INSERT INTO `pr...')
#3 C:\wamp\www\promotech\lib\Cake\Model\Model.php(1730): DboSource->create(Object(CampanhaCoordenador), Array, Array)
#4 C:\wamp\www\promotech\app\Controller\CampanhaController.php(84): Model->save(Array)
#5 [internal function]: CampanhaController->add()
#6 C:\wamp\www\promotech\lib\Cake\Controller\Controller.php(485): ReflectionMethod->invokeArgs(Object(CampanhaController), Array)
#7 C:\wamp\www\promotech\lib\Cake\Routing\Dispatcher.php(186): Controller->invokeAction(Object(CakeRequest))
#8 C:\wamp\www\promotech\lib\Cake\Routing\Dispatcher.php(161): Dispatcher->_invoke(Object(CampanhaController), Object(CakeRequest), Object(CakeResponse))
#9 C:\wamp\www\promotech\app\webroot\index.php(92): Dispatcher->dispatch(Object(CakeRequest), Object(CakeResponse))
#10 {main}
2013-02-16 23:24:53 Error: [PDOException] SQLSTATE[23000]: Integrity constraint violation: 1452 Cannot add or update a child row: a foreign key constraint fails (`promotech`.`campanha_coordenador`, CONSTRAINT `fk_campanha_has_coordenador_coordenador1` FOREIGN KEY (`coordenador_id`) REFERENCES `coordenador` (`id`) ON DELETE NO ACTION ON UPDATE NO ACTION)
#0 C:\wamp\www\promotech\lib\Cake\Model\Datasource\DboSource.php(459): PDOStatement->execute(Array)
#1 C:\wamp\www\promotech\lib\Cake\Model\Datasource\DboSource.php(425): DboSource->_execute('INSERT INTO `pr...', Array)
#2 C:\wamp\www\promotech\lib\Cake\Model\Datasource\DboSource.php(1007): DboSource->execute('INSERT INTO `pr...')
#3 C:\wamp\www\promotech\lib\Cake\Model\Model.php(1730): DboSource->create(Object(CampanhaCoordenador), Array, Array)
#4 C:\wamp\www\promotech\app\Controller\CampanhaController.php(166): Model->save(Array)
#5 [internal function]: CampanhaController->edit('22')
#6 C:\wamp\www\promotech\lib\Cake\Controller\Controller.php(485): ReflectionMethod->invokeArgs(Object(CampanhaController), Array)
#7 C:\wamp\www\promotech\lib\Cake\Routing\Dispatcher.php(186): Controller->invokeAction(Object(CakeRequest))
#8 C:\wamp\www\promotech\lib\Cake\Routing\Dispatcher.php(161): Dispatcher->_invoke(Object(CampanhaController), Object(CakeRequest), Object(CakeResponse))
#9 C:\wamp\www\promotech\app\webroot\index.php(92): Dispatcher->dispatch(Object(CakeRequest), Object(CakeResponse))
#10 {main}
2013-02-16 23:25:44 Error: [PDOException] SQLSTATE[23000]: Integrity constraint violation: 1452 Cannot add or update a child row: a foreign key constraint fails (`promotech`.`campanha_coordenador`, CONSTRAINT `fk_campanha_has_coordenador_coordenador1` FOREIGN KEY (`coordenador_id`) REFERENCES `coordenador` (`id`) ON DELETE NO ACTION ON UPDATE NO ACTION)
#0 C:\wamp\www\promotech\lib\Cake\Model\Datasource\DboSource.php(459): PDOStatement->execute(Array)
#1 C:\wamp\www\promotech\lib\Cake\Model\Datasource\DboSource.php(425): DboSource->_execute('INSERT INTO `pr...', Array)
#2 C:\wamp\www\promotech\lib\Cake\Model\Datasource\DboSource.php(1007): DboSource->execute('INSERT INTO `pr...')
#3 C:\wamp\www\promotech\lib\Cake\Model\Model.php(1730): DboSource->create(Object(CampanhaCoordenador), Array, Array)
#4 C:\wamp\www\promotech\app\Controller\CampanhaController.php(166): Model->save(Array)
#5 [internal function]: CampanhaController->edit('22')
#6 C:\wamp\www\promotech\lib\Cake\Controller\Controller.php(485): ReflectionMethod->invokeArgs(Object(CampanhaController), Array)
#7 C:\wamp\www\promotech\lib\Cake\Routing\Dispatcher.php(186): Controller->invokeAction(Object(CakeRequest))
#8 C:\wamp\www\promotech\lib\Cake\Routing\Dispatcher.php(161): Dispatcher->_invoke(Object(CampanhaController), Object(CakeRequest), Object(CakeResponse))
#9 C:\wamp\www\promotech\app\webroot\index.php(92): Dispatcher->dispatch(Object(CakeRequest), Object(CakeResponse))
#10 {main}
2013-02-16 23:28:24 Error: [PDOException] SQLSTATE[23000]: Integrity constraint violation: 1452 Cannot add or update a child row: a foreign key constraint fails (`promotech`.`campanha_coordenador`, CONSTRAINT `fk_campanha_has_coordenador_coordenador1` FOREIGN KEY (`coordenador_id`) REFERENCES `coordenador` (`id`) ON DELETE NO ACTION ON UPDATE NO ACTION)
#0 C:\wamp\www\promotech\lib\Cake\Model\Datasource\DboSource.php(459): PDOStatement->execute(Array)
#1 C:\wamp\www\promotech\lib\Cake\Model\Datasource\DboSource.php(425): DboSource->_execute('INSERT INTO `pr...', Array)
#2 C:\wamp\www\promotech\lib\Cake\Model\Datasource\DboSource.php(1007): DboSource->execute('INSERT INTO `pr...')
#3 C:\wamp\www\promotech\lib\Cake\Model\Model.php(1730): DboSource->create(Object(CampanhaCoordenador), Array, Array)
#4 C:\wamp\www\promotech\app\Controller\CampanhaController.php(168): Model->save(Array)
#5 [internal function]: CampanhaController->edit('22')
#6 C:\wamp\www\promotech\lib\Cake\Controller\Controller.php(485): ReflectionMethod->invokeArgs(Object(CampanhaController), Array)
#7 C:\wamp\www\promotech\lib\Cake\Routing\Dispatcher.php(186): Controller->invokeAction(Object(CakeRequest))
#8 C:\wamp\www\promotech\lib\Cake\Routing\Dispatcher.php(161): Dispatcher->_invoke(Object(CampanhaController), Object(CakeRequest), Object(CakeResponse))
#9 C:\wamp\www\promotech\app\webroot\index.php(92): Dispatcher->dispatch(Object(CakeRequest), Object(CakeResponse))
#10 {main}
2013-02-16 23:30:24 Error: [PDOException] SQLSTATE[42S22]: Column not found: 1054 Unknown column 'deletado' in 'where clause'
#0 C:\wamp\www\promotech\lib\Cake\Model\Datasource\DboSource.php(459): PDOStatement->execute(Array)
#1 C:\wamp\www\promotech\lib\Cake\Model\Datasource\DboSource.php(425): DboSource->_execute('SELECT `Cliente...', Array)
#2 C:\wamp\www\promotech\lib\Cake\Model\Datasource\DboSource.php(669): DboSource->execute('SELECT `Cliente...', Array, Array)
#3 C:\wamp\www\promotech\lib\Cake\Model\Datasource\DboSource.php(1080): DboSource->fetchAll('SELECT `Cliente...', false)
#4 C:\wamp\www\promotech\lib\Cake\Model\Model.php(2630): DboSource->read(Object(Cliente), Array)
#5 C:\wamp\www\promotech\lib\Cake\Controller\Component\PaginatorComponent.php(173): Model->find('all', Array)
#6 C:\wamp\www\promotech\lib\Cake\Controller\Controller.php(1081): PaginatorComponent->paginate('Cliente', Array, Array)
#7 C:\wamp\www\promotech\app\Controller\ClienteController.php(25): Controller->paginate('Cliente', Array)
#8 [internal function]: ClienteController->index()
#9 C:\wamp\www\promotech\lib\Cake\Controller\Controller.php(485): ReflectionMethod->invokeArgs(Object(ClienteController), Array)
#10 C:\wamp\www\promotech\lib\Cake\Routing\Dispatcher.php(186): Controller->invokeAction(Object(CakeRequest))
#11 C:\wamp\www\promotech\lib\Cake\Routing\Dispatcher.php(161): Dispatcher->_invoke(Object(ClienteController), Object(CakeRequest), Object(CakeResponse))
#12 C:\wamp\www\promotech\app\webroot\index.php(92): Dispatcher->dispatch(Object(CakeRequest), Object(CakeResponse))
#13 {main}
2013-02-16 23:30:29 Error: [PDOException] SQLSTATE[42S22]: Column not found: 1054 Unknown column 'deletado' in 'where clause'
#0 C:\wamp\www\promotech\lib\Cake\Model\Datasource\DboSource.php(459): PDOStatement->execute(Array)
#1 C:\wamp\www\promotech\lib\Cake\Model\Datasource\DboSource.php(425): DboSource->_execute('SELECT `Cliente...', Array)
#2 C:\wamp\www\promotech\lib\Cake\Model\Datasource\DboSource.php(669): DboSource->execute('SELECT `Cliente...', Array, Array)
#3 C:\wamp\www\promotech\lib\Cake\Model\Datasource\DboSource.php(1080): DboSource->fetchAll('SELECT `Cliente...', false)
#4 C:\wamp\www\promotech\lib\Cake\Model\Model.php(2630): DboSource->read(Object(Cliente), Array)
#5 C:\wamp\www\promotech\lib\Cake\Controller\Component\PaginatorComponent.php(173): Model->find('all', Array)
#6 C:\wamp\www\promotech\lib\Cake\Controller\Controller.php(1081): PaginatorComponent->paginate('Cliente', Array, Array)
#7 C:\wamp\www\promotech\app\Controller\ClienteController.php(25): Controller->paginate('Cliente', Array)
#8 [internal function]: ClienteController->index()
#9 C:\wamp\www\promotech\lib\Cake\Controller\Controller.php(485): ReflectionMethod->invokeArgs(Object(ClienteController), Array)
#10 C:\wamp\www\promotech\lib\Cake\Routing\Dispatcher.php(186): Controller->invokeAction(Object(CakeRequest))
#11 C:\wamp\www\promotech\lib\Cake\Routing\Dispatcher.php(161): Dispatcher->_invoke(Object(ClienteController), Object(CakeRequest), Object(CakeResponse))
#12 C:\wamp\www\promotech\app\webroot\index.php(92): Dispatcher->dispatch(Object(CakeRequest), Object(CakeResponse))
#13 {main}
2013-02-16 23:31:12 Error: [PDOException] SQLSTATE[42S22]: Column not found: 1054 Unknown column 'deletado' in 'where clause'
#0 C:\wamp\www\promotech\lib\Cake\Model\Datasource\DboSource.php(459): PDOStatement->execute(Array)
#1 C:\wamp\www\promotech\lib\Cake\Model\Datasource\DboSource.php(425): DboSource->_execute('SELECT `Cliente...', Array)
#2 C:\wamp\www\promotech\lib\Cake\Model\Datasource\DboSource.php(669): DboSource->execute('SELECT `Cliente...', Array, Array)
#3 C:\wamp\www\promotech\lib\Cake\Model\Datasource\DboSource.php(1080): DboSource->fetchAll('SELECT `Cliente...', false)
#4 C:\wamp\www\promotech\lib\Cake\Model\Model.php(2630): DboSource->read(Object(Cliente), Array)
#5 C:\wamp\www\promotech\lib\Cake\Controller\Component\PaginatorComponent.php(173): Model->find('all', Array)
#6 C:\wamp\www\promotech\lib\Cake\Controller\Controller.php(1081): PaginatorComponent->paginate('Cliente', Array, Array)
#7 C:\wamp\www\promotech\app\Controller\ClienteController.php(25): Controller->paginate('Cliente', Array)
#8 [internal function]: ClienteController->index()
#9 C:\wamp\www\promotech\lib\Cake\Controller\Controller.php(485): ReflectionMethod->invokeArgs(Object(ClienteController), Array)
#10 C:\wamp\www\promotech\lib\Cake\Routing\Dispatcher.php(186): Controller->invokeAction(Object(CakeRequest))
#11 C:\wamp\www\promotech\lib\Cake\Routing\Dispatcher.php(161): Dispatcher->_invoke(Object(ClienteController), Object(CakeRequest), Object(CakeResponse))
#12 C:\wamp\www\promotech\app\webroot\index.php(92): Dispatcher->dispatch(Object(CakeRequest), Object(CakeResponse))
#13 {main}
2013-02-16 23:36:10 Error: [PDOException] SQLSTATE[23000]: Integrity constraint violation: 1052 Column 'deletado' in where clause is ambiguous
#0 C:\wamp\www\promotech\lib\Cake\Model\Datasource\DboSource.php(459): PDOStatement->execute(Array)
#1 C:\wamp\www\promotech\lib\Cake\Model\Datasource\DboSource.php(425): DboSource->_execute('SELECT `Campanh...', Array)
#2 C:\wamp\www\promotech\lib\Cake\Model\Datasource\DboSource.php(669): DboSource->execute('SELECT `Campanh...', Array, Array)
#3 C:\wamp\www\promotech\lib\Cake\Model\Datasource\DboSource.php(1080): DboSource->fetchAll('SELECT `Campanh...', false)
#4 C:\wamp\www\promotech\lib\Cake\Model\Model.php(2630): DboSource->read(Object(Campanha), Array)
#5 C:\wamp\www\promotech\lib\Cake\Controller\Component\PaginatorComponent.php(173): Model->find('all', Array)
#6 C:\wamp\www\promotech\lib\Cake\Controller\Controller.php(1081): PaginatorComponent->paginate('Campanha', Array, Array)
#7 C:\wamp\www\promotech\app\Controller\CampanhaController.php(25): Controller->paginate('Campanha', Array)
#8 [internal function]: CampanhaController->index()
#9 C:\wamp\www\promotech\lib\Cake\Controller\Controller.php(485): ReflectionMethod->invokeArgs(Object(CampanhaController), Array)
#10 C:\wamp\www\promotech\lib\Cake\Routing\Dispatcher.php(186): Controller->invokeAction(Object(CakeRequest))
#11 C:\wamp\www\promotech\lib\Cake\Routing\Dispatcher.php(161): Dispatcher->_invoke(Object(CampanhaController), Object(CakeRequest), Object(CakeResponse))
#12 C:\wamp\www\promotech\app\webroot\index.php(92): Dispatcher->dispatch(Object(CakeRequest), Object(CakeResponse))
#13 {main}
2013-02-16 23:36:35 Error: [PDOException] SQLSTATE[23000]: Integrity constraint violation: 1052 Column 'deletado' in where clause is ambiguous
#0 C:\wamp\www\promotech\lib\Cake\Model\Datasource\DboSource.php(459): PDOStatement->execute(Array)
#1 C:\wamp\www\promotech\lib\Cake\Model\Datasource\DboSource.php(425): DboSource->_execute('SELECT `Campanh...', Array)
#2 C:\wamp\www\promotech\lib\Cake\Model\Datasource\DboSource.php(669): DboSource->execute('SELECT `Campanh...', Array, Array)
#3 C:\wamp\www\promotech\lib\Cake\Model\Datasource\DboSource.php(1080): DboSource->fetchAll('SELECT `Campanh...', false)
#4 C:\wamp\www\promotech\lib\Cake\Model\Model.php(2630): DboSource->read(Object(Campanha), Array)
#5 C:\wamp\www\promotech\lib\Cake\Controller\Component\PaginatorComponent.php(173): Model->find('all', Array)
#6 C:\wamp\www\promotech\lib\Cake\Controller\Controller.php(1081): PaginatorComponent->paginate('Campanha', Array, Array)
#7 C:\wamp\www\promotech\app\Controller\CampanhaController.php(25): Controller->paginate('Campanha', Array)
#8 [internal function]: CampanhaController->index()
#9 C:\wamp\www\promotech\lib\Cake\Controller\Controller.php(485): ReflectionMethod->invokeArgs(Object(CampanhaController), Array)
#10 C:\wamp\www\promotech\lib\Cake\Routing\Dispatcher.php(186): Controller->invokeAction(Object(CakeRequest))
#11 C:\wamp\www\promotech\lib\Cake\Routing\Dispatcher.php(161): Dispatcher->_invoke(Object(CampanhaController), Object(CakeRequest), Object(CakeResponse))
#12 C:\wamp\www\promotech\app\webroot\index.php(92): Dispatcher->dispatch(Object(CakeRequest), Object(CakeResponse))
#13 {main}
2013-02-16 23:37:03 Error: [PDOException] SQLSTATE[23000]: Integrity constraint violation: 1052 Column 'deletado' in where clause is ambiguous
#0 C:\wamp\www\promotech\lib\Cake\Model\Datasource\DboSource.php(459): PDOStatement->execute(Array)
#1 C:\wamp\www\promotech\lib\Cake\Model\Datasource\DboSource.php(425): DboSource->_execute('SELECT `Campanh...', Array)
#2 C:\wamp\www\promotech\lib\Cake\Model\Datasource\DboSource.php(669): DboSource->execute('SELECT `Campanh...', Array, Array)
#3 C:\wamp\www\promotech\lib\Cake\Model\Datasource\DboSource.php(1080): DboSource->fetchAll('SELECT `Campanh...', false)
#4 C:\wamp\www\promotech\lib\Cake\Model\Model.php(2630): DboSource->read(Object(Campanha), Array)
#5 C:\wamp\www\promotech\lib\Cake\Controller\Component\PaginatorComponent.php(173): Model->find('all', Array)
#6 C:\wamp\www\promotech\lib\Cake\Controller\Controller.php(1081): PaginatorComponent->paginate('Campanha', Array, Array)
#7 C:\wamp\www\promotech\app\Controller\CampanhaController.php(25): Controller->paginate('Campanha', Array)
#8 [internal function]: CampanhaController->index()
#9 C:\wamp\www\promotech\lib\Cake\Controller\Controller.php(485): ReflectionMethod->invokeArgs(Object(CampanhaController), Array)
#10 C:\wamp\www\promotech\lib\Cake\Routing\Dispatcher.php(186): Controller->invokeAction(Object(CakeRequest))
#11 C:\wamp\www\promotech\lib\Cake\Routing\Dispatcher.php(161): Dispatcher->_invoke(Object(CampanhaController), Object(CakeRequest), Object(CakeResponse))
#12 C:\wamp\www\promotech\app\webroot\index.php(92): Dispatcher->dispatch(Object(CakeRequest), Object(CakeResponse))
#13 {main}
2013-02-16 23:38:09 Error: [PDOException] SQLSTATE[23000]: Integrity constraint violation: 1052 Column 'deletado' in where clause is ambiguous
#0 C:\wamp\www\promotech\lib\Cake\Model\Datasource\DboSource.php(459): PDOStatement->execute(Array)
#1 C:\wamp\www\promotech\lib\Cake\Model\Datasource\DboSource.php(425): DboSource->_execute('SELECT `Campanh...', Array)
#2 C:\wamp\www\promotech\lib\Cake\Model\Datasource\DboSource.php(669): DboSource->execute('SELECT `Campanh...', Array, Array)
#3 C:\wamp\www\promotech\lib\Cake\Model\Datasource\DboSource.php(1080): DboSource->fetchAll('SELECT `Campanh...', false)
#4 C:\wamp\www\promotech\lib\Cake\Model\Model.php(2630): DboSource->read(Object(Campanha), Array)
#5 C:\wamp\www\promotech\lib\Cake\Controller\Component\PaginatorComponent.php(173): Model->find('all', Array)
#6 C:\wamp\www\promotech\lib\Cake\Controller\Controller.php(1081): PaginatorComponent->paginate('Campanha', Array, Array)
#7 C:\wamp\www\promotech\app\Controller\CampanhaController.php(25): Controller->paginate('Campanha', Array)
#8 [internal function]: CampanhaController->index()
#9 C:\wamp\www\promotech\lib\Cake\Controller\Controller.php(485): ReflectionMethod->invokeArgs(Object(CampanhaController), Array)
#10 C:\wamp\www\promotech\lib\Cake\Routing\Dispatcher.php(186): Controller->invokeAction(Object(CakeRequest))
#11 C:\wamp\www\promotech\lib\Cake\Routing\Dispatcher.php(161): Dispatcher->_invoke(Object(CampanhaController), Object(CakeRequest), Object(CakeResponse))
#12 C:\wamp\www\promotech\app\webroot\index.php(92): Dispatcher->dispatch(Object(CakeRequest), Object(CakeResponse))
#13 {main}
2013-02-16 23:38:36 Error: [PDOException] SQLSTATE[23000]: Integrity constraint violation: 1052 Column 'deletado' in where clause is ambiguous
#0 C:\wamp\www\promotech\lib\Cake\Model\Datasource\DboSource.php(459): PDOStatement->execute(Array)
#1 C:\wamp\www\promotech\lib\Cake\Model\Datasource\DboSource.php(425): DboSource->_execute('SELECT `Campanh...', Array)
#2 C:\wamp\www\promotech\lib\Cake\Model\Datasource\DboSource.php(669): DboSource->execute('SELECT `Campanh...', Array, Array)
#3 C:\wamp\www\promotech\lib\Cake\Model\Datasource\DboSource.php(1080): DboSource->fetchAll('SELECT `Campanh...', false)
#4 C:\wamp\www\promotech\lib\Cake\Model\Model.php(2630): DboSource->read(Object(Campanha), Array)
#5 C:\wamp\www\promotech\lib\Cake\Controller\Component\PaginatorComponent.php(173): Model->find('all', Array)
#6 C:\wamp\www\promotech\lib\Cake\Controller\Controller.php(1081): PaginatorComponent->paginate('Campanha', Array, Array)
#7 C:\wamp\www\promotech\app\Controller\CampanhaController.php(25): Controller->paginate('Campanha', Array)
#8 [internal function]: CampanhaController->index()
#9 C:\wamp\www\promotech\lib\Cake\Controller\Controller.php(485): ReflectionMethod->invokeArgs(Object(CampanhaController), Array)
#10 C:\wamp\www\promotech\lib\Cake\Routing\Dispatcher.php(186): Controller->invokeAction(Object(CakeRequest))
#11 C:\wamp\www\promotech\lib\Cake\Routing\Dispatcher.php(161): Dispatcher->_invoke(Object(CampanhaController), Object(CakeRequest), Object(CakeResponse))
#12 C:\wamp\www\promotech\app\webroot\index.php(92): Dispatcher->dispatch(Object(CakeRequest), Object(CakeResponse))
#13 {main}
2013-02-16 23:39:44 Error: [PDOException] SQLSTATE[23000]: Integrity constraint violation: 1052 Column 'deletado' in where clause is ambiguous
#0 C:\wamp\www\promotech\lib\Cake\Model\Datasource\DboSource.php(459): PDOStatement->execute(Array)
#1 C:\wamp\www\promotech\lib\Cake\Model\Datasource\DboSource.php(425): DboSource->_execute('SELECT `Campanh...', Array)
#2 C:\wamp\www\promotech\lib\Cake\Model\Datasource\DboSource.php(669): DboSource->execute('SELECT `Campanh...', Array, Array)
#3 C:\wamp\www\promotech\lib\Cake\Model\Datasource\DboSource.php(1080): DboSource->fetchAll('SELECT `Campanh...', false)
#4 C:\wamp\www\promotech\lib\Cake\Model\Model.php(2630): DboSource->read(Object(Campanha), Array)
#5 C:\wamp\www\promotech\lib\Cake\Controller\Component\PaginatorComponent.php(173): Model->find('all', Array)
#6 C:\wamp\www\promotech\lib\Cake\Controller\Controller.php(1081): PaginatorComponent->paginate('Campanha', Array, Array)
#7 C:\wamp\www\promotech\app\Controller\CampanhaController.php(25): Controller->paginate('Campanha', Array)
#8 [internal function]: CampanhaController->index()
#9 C:\wamp\www\promotech\lib\Cake\Controller\Controller.php(485): ReflectionMethod->invokeArgs(Object(CampanhaController), Array)
#10 C:\wamp\www\promotech\lib\Cake\Routing\Dispatcher.php(186): Controller->invokeAction(Object(CakeRequest))
#11 C:\wamp\www\promotech\lib\Cake\Routing\Dispatcher.php(161): Dispatcher->_invoke(Object(CampanhaController), Object(CakeRequest), Object(CakeResponse))
#12 C:\wamp\www\promotech\app\webroot\index.php(92): Dispatcher->dispatch(Object(CakeRequest), Object(CakeResponse))
#13 {main}
2013-02-17 22:45:06 Error: [PDOException] SQLSTATE[42S22]: Column not found: 1054 Unknown column 'Coordenador.deletado' in 'where clause'
#0 C:\wamp\www\promotech\aplicacao\lib\Cake\Model\Datasource\DboSource.php(459): PDOStatement->execute(Array)
#1 C:\wamp\www\promotech\aplicacao\lib\Cake\Model\Datasource\DboSource.php(425): DboSource->_execute('SELECT `Coorden...', Array)
#2 C:\wamp\www\promotech\aplicacao\lib\Cake\Model\Datasource\DboSource.php(669): DboSource->execute('SELECT `Coorden...', Array, Array)
#3 C:\wamp\www\promotech\aplicacao\lib\Cake\Model\Datasource\DboSource.php(1080): DboSource->fetchAll('SELECT `Coorden...', false)
#4 C:\wamp\www\promotech\aplicacao\lib\Cake\Model\Model.php(2630): DboSource->read(Object(Coordenador), Array)
#5 C:\wamp\www\promotech\aplicacao\app\Controller\CampanhaController.php(56): Model->find('list', Array)
#6 [internal function]: CampanhaController->add()
#7 C:\wamp\www\promotech\aplicacao\lib\Cake\Controller\Controller.php(485): ReflectionMethod->invokeArgs(Object(CampanhaController), Array)
#8 C:\wamp\www\promotech\aplicacao\lib\Cake\Routing\Dispatcher.php(186): Controller->invokeAction(Object(CakeRequest))
#9 C:\wamp\www\promotech\aplicacao\lib\Cake\Routing\Dispatcher.php(161): Dispatcher->_invoke(Object(CampanhaController), Object(CakeRequest), Object(CakeResponse))
#10 C:\wamp\www\promotech\aplicacao\app\webroot\index.php(92): Dispatcher->dispatch(Object(CakeRequest), Object(CakeResponse))
#11 {main}
